<?xml version="1.0" encoding="UTF-8"?>
<!-- Generated by org.testng.reporters.JUnitReportReporter -->
<testsuite hostname="WK3WFJQ37P" failures="0" tests="2" name="APITests" time="0.809" errors="0" timestamp="2024-04-26T08:54:43 BRT" skipped="0">
  <testcase classname="APITests" name="testExample" time="0.181"/>
  <testcase classname="APITests" name="testBDDExample" time="0.628"/>
</testsuite> <!-- APITests -->
